<?xml version="1.0" encoding="UTF-8"?>
<testsuite xmlns:xsi="http://www.w3.org/2001/XMLSchema-instance" xsi:noNamespaceSchemaLocation="https://maven.apache.org/surefire/maven-surefire-plugin/xsd/surefire-test-report.xsd" name="com.qiding.storm.TopologyMainTest" time="0.027" tests="1" errors="0" skipped="0" failures="0">
  <properties>
    <property name="gopherProxySet" value="false"/>
    <property name="awt.toolkit" value="sun.lwawt.macosx.LWCToolkit"/>
    <property name="file.encoding.pkg" value="sun.io"/>
    <property name="java.specification.version" value="1.8"/>
    <property name="sun.cpu.isalist" value=""/>
    <property name="sun.jnu.encoding" value="UTF-8"/>
    <property name="java.class.path" value="/Users/qiding/gitproject/qiding-storm/qiding-storm-online/target/test-classes:/Users/qiding/gitproject/qiding-storm/qiding-storm-online/target/classes:/Users/qiding/systemtools/maven/apache-maven-3.5.4/jarlib/junit/junit/4.11/junit-4.11.jar:/Users/qiding/systemtools/maven/apache-maven-3.5.4/jarlib/org/hamcrest/hamcrest-core/1.3/hamcrest-core-1.3.jar:/Users/qiding/systemtools/maven/apache-maven-3.5.4/jarlib/org/apache/storm/storm-core/2.1.0/storm-core-2.1.0.jar:/Users/qiding/systemtools/maven/apache-maven-3.5.4/jarlib/org/apache/storm/storm-clojure/2.1.0/storm-clojure-2.1.0.jar:/Users/qiding/systemtools/maven/apache-maven-3.5.4/jarlib/org/clojure/tools.logging/0.2.3/tools.logging-0.2.3.jar:/Users/qiding/systemtools/maven/apache-maven-3.5.4/jarlib/org/clojure/clojure/1.3.0-beta1/clojure-1.3.0-beta1.jar:/Users/qiding/systemtools/maven/apache-maven-3.5.4/jarlib/com/twitter/carbonite/1.5.0/carbonite-1.5.0.jar:/Users/qiding/systemtools/maven/apache-maven-3.5.4/jarlib/com/esotericsoftware/kryo/3.0.3/kryo-3.0.3.jar:/Users/qiding/systemtools/maven/apache-maven-3.5.4/jarlib/com/esotericsoftware/reflectasm/1.10.1/reflectasm-1.10.1.jar:/Users/qiding/systemtools/maven/apache-maven-3.5.4/jarlib/org/ow2/asm/asm/5.0.3/asm-5.0.3.jar:/Users/qiding/systemtools/maven/apache-maven-3.5.4/jarlib/com/esotericsoftware/minlog/1.3.0/minlog-1.3.0.jar:/Users/qiding/systemtools/maven/apache-maven-3.5.4/jarlib/org/objenesis/objenesis/2.1/objenesis-2.1.jar:/Users/qiding/systemtools/maven/apache-maven-3.5.4/jarlib/com/twitter/chill-java/0.8.0/chill-java-0.8.0.jar:/Users/qiding/systemtools/maven/apache-maven-3.5.4/jarlib/com/esotericsoftware/kryo-shaded/3.0.3/kryo-shaded-3.0.3.jar:/Users/qiding/systemtools/maven/apache-maven-3.5.4/jarlib/org/apache/storm/storm-server/2.1.0/storm-server-2.1.0.jar:/Users/qiding/systemtools/maven/apache-maven-3.5.4/jarlib/org/apache/storm/storm-client/2.1.0/storm-client-2.1.0.jar:/Users/qiding/systemtools/maven/apache-maven-3.5.4/jarlib/org/apache/storm/storm-shaded-deps/2.1.0/storm-shaded-deps-2.1.0.jar:/Users/qiding/systemtools/maven/apache-maven-3.5.4/jarlib/javax/xml/bind/jaxb-api/2.3.0/jaxb-api-2.3.0.jar:/Users/qiding/systemtools/maven/apache-maven-3.5.4/jarlib/javax/annotation/javax.annotation-api/1.3.2/javax.annotation-api-1.3.2.jar:/Users/qiding/systemtools/maven/apache-maven-3.5.4/jarlib/io/dropwizard/metrics/metrics-graphite/3.2.6/metrics-graphite-3.2.6.jar:/Users/qiding/systemtools/maven/apache-maven-3.5.4/jarlib/io/dropwizard/metrics/metrics-core/3.2.6/metrics-core-3.2.6.jar:/Users/qiding/systemtools/maven/apache-maven-3.5.4/jarlib/org/apache/commons/commons-exec/1.3/commons-exec-1.3.jar:/Users/qiding/systemtools/maven/apache-maven-3.5.4/jarlib/org/apache/commons/commons-compress/1.18/commons-compress-1.18.jar:/Users/qiding/systemtools/maven/apache-maven-3.5.4/jarlib/org/rocksdb/rocksdbjni/5.18.3/rocksdbjni-5.18.3.jar:/Users/qiding/systemtools/maven/apache-maven-3.5.4/jarlib/jline/jline/0.9.94/jline-0.9.94.jar:/Users/qiding/systemtools/maven/apache-maven-3.5.4/jarlib/javax/servlet/javax.servlet-api/3.1.0/javax.servlet-api-3.1.0.jar:/Users/qiding/systemtools/maven/apache-maven-3.5.4/jarlib/commons-collections/commons-collections/3.2.2/commons-collections-3.2.2.jar:/Users/qiding/systemtools/maven/apache-maven-3.5.4/jarlib/org/yaml/snakeyaml/1.11/snakeyaml-1.11.jar:/Users/qiding/systemtools/maven/apache-maven-3.5.4/jarlib/org/apache/httpcomponents/httpclient/4.5.6/httpclient-4.5.6.jar:/Users/qiding/systemtools/maven/apache-maven-3.5.4/jarlib/org/apache/httpcomponents/httpcore/4.4.10/httpcore-4.4.10.jar:/Users/qiding/systemtools/maven/apache-maven-3.5.4/jarlib/commons-logging/commons-logging/1.2/commons-logging-1.2.jar:/Users/qiding/systemtools/maven/apache-maven-3.5.4/jarlib/commons-cli/commons-cli/1.4/commons-cli-1.4.jar:/Users/qiding/systemtools/maven/apache-maven-3.5.4/jarlib/commons-io/commons-io/2.6/commons-io-2.6.jar:/Users/qiding/systemtools/maven/apache-maven-3.5.4/jarlib/commons-lang/commons-lang/2.6/commons-lang-2.6.jar:/Users/qiding/systemtools/maven/apache-maven-3.5.4/jarlib/com/googlecode/json-simple/json-simple/1.1/json-simple-1.1.jar:/Users/qiding/systemtools/maven/apache-maven-3.5.4/jarlib/com/google/guava/guava/27.0.1-jre/guava-27.0.1-jre.jar:/Users/qiding/systemtools/maven/apache-maven-3.5.4/jarlib/com/google/guava/failureaccess/1.0.1/failureaccess-1.0.1.jar:/Users/qiding/systemtools/maven/apache-maven-3.5.4/jarlib/com/google/guava/listenablefuture/9999.0-empty-to-avoid-conflict-with-guava/listenablefuture-9999.0-empty-to-avoid-conflict-with-guava.jar:/Users/qiding/systemtools/maven/apache-maven-3.5.4/jarlib/com/google/code/findbugs/jsr305/3.0.2/jsr305-3.0.2.jar:/Users/qiding/systemtools/maven/apache-maven-3.5.4/jarlib/org/checkerframework/checker-qual/2.5.2/checker-qual-2.5.2.jar:/Users/qiding/systemtools/maven/apache-maven-3.5.4/jarlib/com/google/errorprone/error_prone_annotations/2.2.0/error_prone_annotations-2.2.0.jar:/Users/qiding/systemtools/maven/apache-maven-3.5.4/jarlib/com/google/j2objc/j2objc-annotations/1.1/j2objc-annotations-1.1.jar:/Users/qiding/systemtools/maven/apache-maven-3.5.4/jarlib/org/codehaus/mojo/animal-sniffer-annotations/1.17/animal-sniffer-annotations-1.17.jar:/Users/qiding/systemtools/maven/apache-maven-3.5.4/jarlib/org/apache/logging/log4j/log4j-api/2.11.2/log4j-api-2.11.2.jar:/Users/qiding/systemtools/maven/apache-maven-3.5.4/jarlib/org/apache/logging/log4j/log4j-core/2.11.2/log4j-core-2.11.2.jar:/Users/qiding/systemtools/maven/apache-maven-3.5.4/jarlib/org/apache/logging/log4j/log4j-slf4j-impl/2.11.2/log4j-slf4j-impl-2.11.2.jar:/Users/qiding/systemtools/maven/apache-maven-3.5.4/jarlib/org/slf4j/log4j-over-slf4j/1.7.26/log4j-over-slf4j-1.7.26.jar:/Users/qiding/systemtools/maven/apache-maven-3.5.4/jarlib/org/slf4j/slf4j-api/1.7.26/slf4j-api-1.7.26.jar:/Users/qiding/systemtools/maven/apache-maven-3.5.4/jarlib/joda-time/joda-time/2.3/joda-time-2.3.jar:/Users/qiding/systemtools/maven/apache-maven-3.5.4/jarlib/org/eclipse/jetty/jetty-server/9.4.14.v20181114/jetty-server-9.4.14.v20181114.jar:/Users/qiding/systemtools/maven/apache-maven-3.5.4/jarlib/org/eclipse/jetty/jetty-http/9.4.14.v20181114/jetty-http-9.4.14.v20181114.jar:/Users/qiding/systemtools/maven/apache-maven-3.5.4/jarlib/org/eclipse/jetty/jetty-io/9.4.14.v20181114/jetty-io-9.4.14.v20181114.jar:/Users/qiding/systemtools/maven/apache-maven-3.5.4/jarlib/org/eclipse/jetty/jetty-util/9.4.14.v20181114/jetty-util-9.4.14.v20181114.jar:/Users/qiding/systemtools/maven/apache-maven-3.5.4/jarlib/org/eclipse/jetty/jetty-servlet/9.4.14.v20181114/jetty-servlet-9.4.14.v20181114.jar:/Users/qiding/systemtools/maven/apache-maven-3.5.4/jarlib/org/eclipse/jetty/jetty-security/9.4.14.v20181114/jetty-security-9.4.14.v20181114.jar:/Users/qiding/systemtools/maven/apache-maven-3.5.4/jarlib/org/eclipse/jetty/jetty-servlets/9.4.14.v20181114/jetty-servlets-9.4.14.v20181114.jar:/Users/qiding/systemtools/maven/apache-maven-3.5.4/jarlib/org/eclipse/jetty/jetty-continuation/9.4.14.v20181114/jetty-continuation-9.4.14.v20181114.jar:/Users/qiding/systemtools/maven/apache-maven-3.5.4/jarlib/com/fasterxml/jackson/core/jackson-core/2.9.8/jackson-core-2.9.8.jar:/Users/qiding/systemtools/maven/apache-maven-3.5.4/jarlib/com/fasterxml/jackson/dataformat/jackson-dataformat-smile/2.9.8/jackson-dataformat-smile-2.9.8.jar:/Users/qiding/systemtools/maven/apache-maven-3.5.4/jarlib/commons-fileupload/commons-fileupload/1.3.3/commons-fileupload-1.3.3.jar:/Users/qiding/systemtools/maven/apache-maven-3.5.4/jarlib/commons-codec/commons-codec/1.11/commons-codec-1.11.jar:/Users/qiding/systemtools/maven/apache-maven-3.5.4/jarlib/org/apache/hadoop/hadoop-auth/2.8.5/hadoop-auth-2.8.5.jar:/Users/qiding/systemtools/maven/apache-maven-3.5.4/jarlib/com/nimbusds/nimbus-jose-jwt/4.41.1/nimbus-jose-jwt-4.41.1.jar:/Users/qiding/systemtools/maven/apache-maven-3.5.4/jarlib/com/github/stephenc/jcip/jcip-annotations/1.0-1/jcip-annotations-1.0-1.jar:/Users/qiding/systemtools/maven/apache-maven-3.5.4/jarlib/net/minidev/json-smart/2.3/json-smart-2.3.jar:/Users/qiding/systemtools/maven/apache-maven-3.5.4/jarlib/net/minidev/accessors-smart/1.2/accessors-smart-1.2.jar:/Users/qiding/systemtools/maven/apache-maven-3.5.4/jarlib/org/apache/zookeeper/zookeeper/3.4.6/zookeeper-3.4.6.jar:/Users/qiding/systemtools/maven/apache-maven-3.5.4/jarlib/io/netty/netty/3.7.0.Final/netty-3.7.0.Final.jar:/Users/qiding/systemtools/maven/apache-maven-3.5.4/jarlib/org/apache/curator/curator-framework/2.7.1/curator-framework-2.7.1.jar:/Users/qiding/systemtools/maven/apache-maven-3.5.4/jarlib/org/apache/curator/curator-client/2.7.1/curator-client-2.7.1.jar:"/>
    <property name="java.vm.vendor" value="Oracle Corporation"/>
    <property name="sun.arch.data.model" value="64"/>
    <property name="java.vendor.url" value="http://java.oracle.com/"/>
    <property name="user.timezone" value=""/>
    <property name="java.vm.specification.version" value="1.8"/>
    <property name="os.name" value="Mac OS X"/>
    <property name="user.country" value="CN"/>
    <property name="sun.java.launcher" value="SUN_STANDARD"/>
    <property name="sun.boot.library.path" value="/Library/Java/JavaVirtualMachines/jdk1.8.0_171.jdk/Contents/Home/jre/lib"/>
    <property name="sun.java.command" value="/Users/qiding/gitproject/qiding-storm/qiding-storm-online/target/surefire/surefirebooter3279217064934069451.jar /Users/qiding/gitproject/qiding-storm/qiding-storm-online/target/surefire 2019-11-16T15-22-42_598-jvmRun1 surefire1182393935312207452tmp surefire_03945560722836818300tmp"/>
    <property name="surefire.test.class.path" value="/Users/qiding/gitproject/qiding-storm/qiding-storm-online/target/test-classes:/Users/qiding/gitproject/qiding-storm/qiding-storm-online/target/classes:/Users/qiding/systemtools/maven/apache-maven-3.5.4/jarlib/junit/junit/4.11/junit-4.11.jar:/Users/qiding/systemtools/maven/apache-maven-3.5.4/jarlib/org/hamcrest/hamcrest-core/1.3/hamcrest-core-1.3.jar:/Users/qiding/systemtools/maven/apache-maven-3.5.4/jarlib/org/apache/storm/storm-core/2.1.0/storm-core-2.1.0.jar:/Users/qiding/systemtools/maven/apache-maven-3.5.4/jarlib/org/apache/storm/storm-clojure/2.1.0/storm-clojure-2.1.0.jar:/Users/qiding/systemtools/maven/apache-maven-3.5.4/jarlib/org/clojure/tools.logging/0.2.3/tools.logging-0.2.3.jar:/Users/qiding/systemtools/maven/apache-maven-3.5.4/jarlib/org/clojure/clojure/1.3.0-beta1/clojure-1.3.0-beta1.jar:/Users/qiding/systemtools/maven/apache-maven-3.5.4/jarlib/com/twitter/carbonite/1.5.0/carbonite-1.5.0.jar:/Users/qiding/systemtools/maven/apache-maven-3.5.4/jarlib/com/esotericsoftware/kryo/3.0.3/kryo-3.0.3.jar:/Users/qiding/systemtools/maven/apache-maven-3.5.4/jarlib/com/esotericsoftware/reflectasm/1.10.1/reflectasm-1.10.1.jar:/Users/qiding/systemtools/maven/apache-maven-3.5.4/jarlib/org/ow2/asm/asm/5.0.3/asm-5.0.3.jar:/Users/qiding/systemtools/maven/apache-maven-3.5.4/jarlib/com/esotericsoftware/minlog/1.3.0/minlog-1.3.0.jar:/Users/qiding/systemtools/maven/apache-maven-3.5.4/jarlib/org/objenesis/objenesis/2.1/objenesis-2.1.jar:/Users/qiding/systemtools/maven/apache-maven-3.5.4/jarlib/com/twitter/chill-java/0.8.0/chill-java-0.8.0.jar:/Users/qiding/systemtools/maven/apache-maven-3.5.4/jarlib/com/esotericsoftware/kryo-shaded/3.0.3/kryo-shaded-3.0.3.jar:/Users/qiding/systemtools/maven/apache-maven-3.5.4/jarlib/org/apache/storm/storm-server/2.1.0/storm-server-2.1.0.jar:/Users/qiding/systemtools/maven/apache-maven-3.5.4/jarlib/org/apache/storm/storm-client/2.1.0/storm-client-2.1.0.jar:/Users/qiding/systemtools/maven/apache-maven-3.5.4/jarlib/org/apache/storm/storm-shaded-deps/2.1.0/storm-shaded-deps-2.1.0.jar:/Users/qiding/systemtools/maven/apache-maven-3.5.4/jarlib/javax/xml/bind/jaxb-api/2.3.0/jaxb-api-2.3.0.jar:/Users/qiding/systemtools/maven/apache-maven-3.5.4/jarlib/javax/annotation/javax.annotation-api/1.3.2/javax.annotation-api-1.3.2.jar:/Users/qiding/systemtools/maven/apache-maven-3.5.4/jarlib/io/dropwizard/metrics/metrics-graphite/3.2.6/metrics-graphite-3.2.6.jar:/Users/qiding/systemtools/maven/apache-maven-3.5.4/jarlib/io/dropwizard/metrics/metrics-core/3.2.6/metrics-core-3.2.6.jar:/Users/qiding/systemtools/maven/apache-maven-3.5.4/jarlib/org/apache/commons/commons-exec/1.3/commons-exec-1.3.jar:/Users/qiding/systemtools/maven/apache-maven-3.5.4/jarlib/org/apache/commons/commons-compress/1.18/commons-compress-1.18.jar:/Users/qiding/systemtools/maven/apache-maven-3.5.4/jarlib/org/rocksdb/rocksdbjni/5.18.3/rocksdbjni-5.18.3.jar:/Users/qiding/systemtools/maven/apache-maven-3.5.4/jarlib/jline/jline/0.9.94/jline-0.9.94.jar:/Users/qiding/systemtools/maven/apache-maven-3.5.4/jarlib/javax/servlet/javax.servlet-api/3.1.0/javax.servlet-api-3.1.0.jar:/Users/qiding/systemtools/maven/apache-maven-3.5.4/jarlib/commons-collections/commons-collections/3.2.2/commons-collections-3.2.2.jar:/Users/qiding/systemtools/maven/apache-maven-3.5.4/jarlib/org/yaml/snakeyaml/1.11/snakeyaml-1.11.jar:/Users/qiding/systemtools/maven/apache-maven-3.5.4/jarlib/org/apache/httpcomponents/httpclient/4.5.6/httpclient-4.5.6.jar:/Users/qiding/systemtools/maven/apache-maven-3.5.4/jarlib/org/apache/httpcomponents/httpcore/4.4.10/httpcore-4.4.10.jar:/Users/qiding/systemtools/maven/apache-maven-3.5.4/jarlib/commons-logging/commons-logging/1.2/commons-logging-1.2.jar:/Users/qiding/systemtools/maven/apache-maven-3.5.4/jarlib/commons-cli/commons-cli/1.4/commons-cli-1.4.jar:/Users/qiding/systemtools/maven/apache-maven-3.5.4/jarlib/commons-io/commons-io/2.6/commons-io-2.6.jar:/Users/qiding/systemtools/maven/apache-maven-3.5.4/jarlib/commons-lang/commons-lang/2.6/commons-lang-2.6.jar:/Users/qiding/systemtools/maven/apache-maven-3.5.4/jarlib/com/googlecode/json-simple/json-simple/1.1/json-simple-1.1.jar:/Users/qiding/systemtools/maven/apache-maven-3.5.4/jarlib/com/google/guava/guava/27.0.1-jre/guava-27.0.1-jre.jar:/Users/qiding/systemtools/maven/apache-maven-3.5.4/jarlib/com/google/guava/failureaccess/1.0.1/failureaccess-1.0.1.jar:/Users/qiding/systemtools/maven/apache-maven-3.5.4/jarlib/com/google/guava/listenablefuture/9999.0-empty-to-avoid-conflict-with-guava/listenablefuture-9999.0-empty-to-avoid-conflict-with-guava.jar:/Users/qiding/systemtools/maven/apache-maven-3.5.4/jarlib/com/google/code/findbugs/jsr305/3.0.2/jsr305-3.0.2.jar:/Users/qiding/systemtools/maven/apache-maven-3.5.4/jarlib/org/checkerframework/checker-qual/2.5.2/checker-qual-2.5.2.jar:/Users/qiding/systemtools/maven/apache-maven-3.5.4/jarlib/com/google/errorprone/error_prone_annotations/2.2.0/error_prone_annotations-2.2.0.jar:/Users/qiding/systemtools/maven/apache-maven-3.5.4/jarlib/com/google/j2objc/j2objc-annotations/1.1/j2objc-annotations-1.1.jar:/Users/qiding/systemtools/maven/apache-maven-3.5.4/jarlib/org/codehaus/mojo/animal-sniffer-annotations/1.17/animal-sniffer-annotations-1.17.jar:/Users/qiding/systemtools/maven/apache-maven-3.5.4/jarlib/org/apache/logging/log4j/log4j-api/2.11.2/log4j-api-2.11.2.jar:/Users/qiding/systemtools/maven/apache-maven-3.5.4/jarlib/org/apache/logging/log4j/log4j-core/2.11.2/log4j-core-2.11.2.jar:/Users/qiding/systemtools/maven/apache-maven-3.5.4/jarlib/org/apache/logging/log4j/log4j-slf4j-impl/2.11.2/log4j-slf4j-impl-2.11.2.jar:/Users/qiding/systemtools/maven/apache-maven-3.5.4/jarlib/org/slf4j/log4j-over-slf4j/1.7.26/log4j-over-slf4j-1.7.26.jar:/Users/qiding/systemtools/maven/apache-maven-3.5.4/jarlib/org/slf4j/slf4j-api/1.7.26/slf4j-api-1.7.26.jar:/Users/qiding/systemtools/maven/apache-maven-3.5.4/jarlib/joda-time/joda-time/2.3/joda-time-2.3.jar:/Users/qiding/systemtools/maven/apache-maven-3.5.4/jarlib/org/eclipse/jetty/jetty-server/9.4.14.v20181114/jetty-server-9.4.14.v20181114.jar:/Users/qiding/systemtools/maven/apache-maven-3.5.4/jarlib/org/eclipse/jetty/jetty-http/9.4.14.v20181114/jetty-http-9.4.14.v20181114.jar:/Users/qiding/systemtools/maven/apache-maven-3.5.4/jarlib/org/eclipse/jetty/jetty-io/9.4.14.v20181114/jetty-io-9.4.14.v20181114.jar:/Users/qiding/systemtools/maven/apache-maven-3.5.4/jarlib/org/eclipse/jetty/jetty-util/9.4.14.v20181114/jetty-util-9.4.14.v20181114.jar:/Users/qiding/systemtools/maven/apache-maven-3.5.4/jarlib/org/eclipse/jetty/jetty-servlet/9.4.14.v20181114/jetty-servlet-9.4.14.v20181114.jar:/Users/qiding/systemtools/maven/apache-maven-3.5.4/jarlib/org/eclipse/jetty/jetty-security/9.4.14.v20181114/jetty-security-9.4.14.v20181114.jar:/Users/qiding/systemtools/maven/apache-maven-3.5.4/jarlib/org/eclipse/jetty/jetty-servlets/9.4.14.v20181114/jetty-servlets-9.4.14.v20181114.jar:/Users/qiding/systemtools/maven/apache-maven-3.5.4/jarlib/org/eclipse/jetty/jetty-continuation/9.4.14.v20181114/jetty-continuation-9.4.14.v20181114.jar:/Users/qiding/systemtools/maven/apache-maven-3.5.4/jarlib/com/fasterxml/jackson/core/jackson-core/2.9.8/jackson-core-2.9.8.jar:/Users/qiding/systemtools/maven/apache-maven-3.5.4/jarlib/com/fasterxml/jackson/dataformat/jackson-dataformat-smile/2.9.8/jackson-dataformat-smile-2.9.8.jar:/Users/qiding/systemtools/maven/apache-maven-3.5.4/jarlib/commons-fileupload/commons-fileupload/1.3.3/commons-fileupload-1.3.3.jar:/Users/qiding/systemtools/maven/apache-maven-3.5.4/jarlib/commons-codec/commons-codec/1.11/commons-codec-1.11.jar:/Users/qiding/systemtools/maven/apache-maven-3.5.4/jarlib/org/apache/hadoop/hadoop-auth/2.8.5/hadoop-auth-2.8.5.jar:/Users/qiding/systemtools/maven/apache-maven-3.5.4/jarlib/com/nimbusds/nimbus-jose-jwt/4.41.1/nimbus-jose-jwt-4.41.1.jar:/Users/qiding/systemtools/maven/apache-maven-3.5.4/jarlib/com/github/stephenc/jcip/jcip-annotations/1.0-1/jcip-annotations-1.0-1.jar:/Users/qiding/systemtools/maven/apache-maven-3.5.4/jarlib/net/minidev/json-smart/2.3/json-smart-2.3.jar:/Users/qiding/systemtools/maven/apache-maven-3.5.4/jarlib/net/minidev/accessors-smart/1.2/accessors-smart-1.2.jar:/Users/qiding/systemtools/maven/apache-maven-3.5.4/jarlib/org/apache/zookeeper/zookeeper/3.4.6/zookeeper-3.4.6.jar:/Users/qiding/systemtools/maven/apache-maven-3.5.4/jarlib/io/netty/netty/3.7.0.Final/netty-3.7.0.Final.jar:/Users/qiding/systemtools/maven/apache-maven-3.5.4/jarlib/org/apache/curator/curator-framework/2.7.1/curator-framework-2.7.1.jar:/Users/qiding/systemtools/maven/apache-maven-3.5.4/jarlib/org/apache/curator/curator-client/2.7.1/curator-client-2.7.1.jar:"/>
    <property name="sun.cpu.endian" value="little"/>
    <property name="user.home" value="/Users/qiding"/>
    <property name="user.language" value="en"/>
    <property name="java.specification.vendor" value="Oracle Corporation"/>
    <property name="java.home" value="/Library/Java/JavaVirtualMachines/jdk1.8.0_171.jdk/Contents/Home/jre"/>
    <property name="basedir" value="/Users/qiding/gitproject/qiding-storm/qiding-storm-online"/>
    <property name="file.separator" value="/"/>
    <property name="line.separator" value="&#10;"/>
    <property name="java.vm.specification.vendor" value="Oracle Corporation"/>
    <property name="java.specification.name" value="Java Platform API Specification"/>
    <property name="java.awt.graphicsenv" value="sun.awt.CGraphicsEnvironment"/>
    <property name="surefire.real.class.path" value="/Users/qiding/gitproject/qiding-storm/qiding-storm-online/target/surefire/surefirebooter3279217064934069451.jar"/>
    <property name="sun.boot.class.path" value="/Library/Java/JavaVirtualMachines/jdk1.8.0_171.jdk/Contents/Home/jre/lib/resources.jar:/Library/Java/JavaVirtualMachines/jdk1.8.0_171.jdk/Contents/Home/jre/lib/rt.jar:/Library/Java/JavaVirtualMachines/jdk1.8.0_171.jdk/Contents/Home/jre/lib/sunrsasign.jar:/Library/Java/JavaVirtualMachines/jdk1.8.0_171.jdk/Contents/Home/jre/lib/jsse.jar:/Library/Java/JavaVirtualMachines/jdk1.8.0_171.jdk/Contents/Home/jre/lib/jce.jar:/Library/Java/JavaVirtualMachines/jdk1.8.0_171.jdk/Contents/Home/jre/lib/charsets.jar:/Library/Java/JavaVirtualMachines/jdk1.8.0_171.jdk/Contents/Home/jre/lib/jfr.jar:/Library/Java/JavaVirtualMachines/jdk1.8.0_171.jdk/Contents/Home/jre/classes"/>
    <property name="sun.management.compiler" value="HotSpot 64-Bit Tiered Compilers"/>
    <property name="java.runtime.version" value="1.8.0_171-b11"/>
    <property name="user.name" value="qiding"/>
    <property name="path.separator" value=":"/>
    <property name="os.version" value="10.15.1"/>
    <property name="java.endorsed.dirs" value="/Library/Java/JavaVirtualMachines/jdk1.8.0_171.jdk/Contents/Home/jre/lib/endorsed"/>
    <property name="java.runtime.name" value="Java(TM) SE Runtime Environment"/>
    <property name="file.encoding" value="UTF-8"/>
    <property name="java.vm.name" value="Java HotSpot(TM) 64-Bit Server VM"/>
    <property name="localRepository" value="/Users/qiding/systemtools/maven/apache-maven-3.5.4/jarlib"/>
    <property name="java.vendor.url.bug" value="http://bugreport.sun.com/bugreport/"/>
    <property name="java.io.tmpdir" value="/var/folders/rr/5_ws_mz1157d9m192t8vk3bc0000gn/T/"/>
    <property name="java.version" value="1.8.0_171"/>
    <property name="user.dir" value="/Users/qiding/gitproject/qiding-storm/qiding-storm-online"/>
    <property name="os.arch" value="x86_64"/>
    <property name="java.vm.specification.name" value="Java Virtual Machine Specification"/>
    <property name="java.awt.printerjob" value="sun.lwawt.macosx.CPrinterJob"/>
    <property name="sun.os.patch.level" value="unknown"/>
    <property name="java.library.path" value="/Users/qiding/Library/Java/Extensions:/Library/Java/Extensions:/Network/Library/Java/Extensions:/System/Library/Java/Extensions:/usr/lib/java:."/>
    <property name="java.vm.info" value="mixed mode"/>
    <property name="java.vendor" value="Oracle Corporation"/>
    <property name="java.vm.version" value="25.171-b11"/>
    <property name="java.ext.dirs" value="/Users/qiding/Library/Java/Extensions:/Library/Java/JavaVirtualMachines/jdk1.8.0_171.jdk/Contents/Home/jre/lib/ext:/Library/Java/Extensions:/Network/Library/Java/Extensions:/System/Library/Java/Extensions:/usr/lib/java"/>
    <property name="sun.io.unicode.encoding" value="UnicodeBig"/>
    <property name="java.class.version" value="52.0"/>
  </properties>
  <testcase name="shouldAnswerWithTrue" classname="com.qiding.storm.TopologyMainTest" time="0.001"/>
</testsuite>